[2015-08-10 20:55:18,527 randpicker.py] DEBUG Found Cross: [33, 14, 19, 20, 25, 31],[33, 14, 19, 20, 25, 31]
[2015-08-10 20:55:19,754 randpicker.py] DEBUG Found Cross: [1, 7, 11, 14, 17, 21],[1, 7, 11, 14, 17, 21]
[2015-08-10 20:55:20,002 randpicker.py] DEBUG Found Cross: [32, 14, 17, 19, 22, 26],[32, 14, 17, 19, 22, 26]
[2015-08-10 20:55:27,536 randpicker.py] DEBUG Found Cross: [3, 4, 8, 17, 21, 27],[3, 4, 8, 17, 21, 27]
[2015-08-10 20:55:27,704 randpicker.py] DEBUG Found Cross: [33, 2, 4, 11, 20, 23],[33, 2, 4, 11, 20, 23]
[2015-08-10 20:55:28,822 randpicker.py] DEBUG Found Cross: [33, 2, 1, 20, 22, 30],[33, 2, 1, 20, 22, 30]
[2015-08-10 20:55:32,902 randpicker.py] DEBUG Found Cross: [6, 14, 18, 20, 21, 31],[6, 14, 18, 20, 21, 31]
[2015-08-10 20:55:33,761 randpicker.py] DEBUG Found Cross: [2, 7, 9, 14, 24, 27],[2, 7, 9, 14, 24, 27]
[2015-08-10 20:55:34,144 randpicker.py] DEBUG Found Cross: [4, 5, 6, 14, 15, 22],[4, 5, 6, 14, 15, 22]
[2015-08-10 20:55:56,788 randpicker.py] DEBUG Found Cross: [33, 1, 18, 19, 21, 22],[1, 33, 18, 19, 21, 22]
[2015-08-10 20:55:57,716 randpicker.py] DEBUG Found Cross: [32, 3, 4, 11, 18, 29],[32, 3, 4, 11, 18, 29]
[2015-08-10 20:55:58,619 randpicker.py] DEBUG Found Cross: [9, 14, 15, 22, 27, 31],[9, 14, 15, 22, 27, 31]
[2015-08-10 20:56:02,895 randpicker.py] DEBUG Found Cross: [33, 7, 12, 20, 24, 30],[33, 7, 12, 20, 24, 30]
[2015-08-10 20:56:10,226 randpicker.py] DEBUG Found Cross: [3, 6, 7, 8, 11, 21],[3, 6, 7, 8, 11, 21]
[2015-08-10 20:56:10,416 randpicker.py] DEBUG Found Cross: [32, 14, 17, 21, 29, 30],[32, 14, 17, 21, 29, 30]
[2015-08-10 20:56:11,053 randpicker.py] DEBUG Found Cross: [32, 33, 5, 8, 20, 30],[32, 33, 5, 8, 20, 30]
[2015-08-10 20:56:16,604 randpicker.py] DEBUG Found Cross: [9, 12, 14, 19, 21, 25],[9, 12, 14, 19, 21, 25]
[2015-08-10 20:56:20,319 randpicker.py] DEBUG Found Cross: [6, 13, 14, 15, 21, 29],[6, 13, 14, 15, 21, 29]
[2015-08-10 20:56:25,168 randpicker.py] DEBUG Found Cross: [1, 4, 12, 25, 28, 31],[1, 4, 12, 25, 28, 31]
[2015-08-10 20:56:26,331 randpicker.py] DEBUG Found Cross: [32, 33, 10, 21, 27, 31],[32, 33, 10, 21, 27, 31]
[2015-08-10 20:56:35,359 randpicker.py] DEBUG Found Cross: [1, 2, 7, 16, 19, 25],[1, 2, 7, 16, 19, 25]
[2015-08-10 20:56:35,745 randpicker.py] DEBUG Found Cross: [2, 3, 7, 15, 20, 24],[2, 3, 7, 15, 20, 24]
[2015-08-10 20:56:39,355 randpicker.py] DEBUG Found Cross: [2, 15, 22, 27, 28, 29],[2, 15, 22, 27, 28, 29]
[2015-08-10 20:56:41,437 randpicker.py] DEBUG Found Cross: [1, 3, 5, 33, 12, 21],[33, 3, 5, 1, 12, 21]
[2015-08-10 20:56:41,735 randpicker.py] DEBUG Found Cross: [9, 10, 22, 23, 26, 30],[9, 10, 22, 23, 26, 30]
[2015-08-10 20:56:41,866 randpicker.py] DEBUG Found Cross: [1, 5, 15, 22, 24, 26],[1, 5, 15, 22, 24, 26]
[2015-08-10 20:56:44,192 randpicker.py] DEBUG Found Cross: [11, 12, 22, 23, 26, 29],[11, 12, 22, 23, 26, 29]
[2015-08-10 20:56:44,550 randpicker.py] DEBUG Found Cross: [6, 7, 17, 27, 28, 31],[6, 7, 17, 27, 28, 31]
[2015-08-10 20:56:45,045 randpicker.py] DEBUG Found Cross: [2, 3, 5, 18, 21, 29],[2, 3, 5, 18, 21, 29]
[2015-08-10 20:56:45,474 randpicker.py] DEBUG Found Cross: [4, 8, 14, 16, 24, 27],[4, 8, 14, 16, 24, 27]
[2015-08-10 20:56:46,777 randpicker.py] DEBUG Found Cross: [4, 12, 18, 21, 25, 27],[4, 12, 18, 21, 25, 27]
[2015-08-10 20:56:50,721 randpicker.py] DEBUG Found Cross: [8, 14, 15, 18, 25, 26],[8, 14, 15, 18, 25, 26]
[2015-08-10 20:56:54,218 randpicker.py] DEBUG Found Cross: [2, 4, 18, 22, 27, 29],[2, 4, 18, 22, 27, 29]
[2015-08-10 20:56:54,242 randpicker.py] DEBUG Found Cross: [1, 2, 5, 7, 8, 18],[1, 2, 5, 7, 8, 18]
[2015-08-10 20:56:58,383 randpicker.py] DEBUG Found Cross: [33, 12, 23, 27, 30, 31],[33, 12, 23, 27, 30, 31]
[2015-08-10 20:56:59,229 randpicker.py] DEBUG Found Cross: [32, 33, 9, 19, 22, 30],[32, 33, 9, 19, 22, 30]
[2015-08-10 20:57:01,755 randpicker.py] DEBUG Found Cross: [2, 6, 8, 20, 22, 27],[2, 6, 8, 20, 22, 27]
[2015-08-10 20:57:05,842 randpicker.py] DEBUG Found Cross: [3, 8, 18, 20, 26, 29],[3, 8, 18, 20, 26, 29]
[2015-08-10 20:57:07,099 randpicker.py] DEBUG Found Cross: [1, 2, 3, 10, 17, 25],[1, 2, 3, 10, 17, 25]
[2015-08-10 20:57:09,974 randpicker.py] DEBUG Found Cross: [32, 3, 8, 10, 13, 14],[32, 3, 8, 10, 13, 14]
[2015-08-10 20:57:10,388 randpicker.py] DEBUG Found Cross: [7, 9, 14, 15, 25, 28],[7, 9, 14, 15, 25, 28]
[2015-08-10 20:57:12,038 randpicker.py] DEBUG Found Cross: [5, 12, 16, 24, 25, 26],[5, 12, 16, 24, 25, 26]
[2015-08-10 20:57:14,378 randpicker.py] DEBUG Found Cross: [7, 15, 16, 17, 18, 19],[7, 15, 16, 17, 18, 19]
[2015-08-10 20:57:18,743 randpicker.py] DEBUG Found Cross: [1, 4, 11, 13, 20, 29],[1, 4, 11, 13, 20, 29]
[2015-08-10 20:57:19,162 randpicker.py] DEBUG Found Cross: [1, 2, 3, 11, 12, 27],[1, 2, 3, 11, 12, 27]
[2015-08-10 20:57:19,252 randpicker.py] DEBUG Found Cross: [33, 6, 8, 14, 15, 27],[33, 6, 8, 14, 15, 27]
[2015-08-10 20:57:21,426 randpicker.py] DEBUG Found Cross: [3, 8, 20, 21, 29, 30],[3, 8, 20, 21, 29, 30]
[2015-08-10 20:57:23,213 randpicker.py] DEBUG Found Cross: [7, 8, 11, 13, 17, 18],[7, 8, 11, 13, 17, 18]
[2015-08-10 20:57:25,294 randpicker.py] DEBUG Found Cross: [32, 3, 7, 9, 10, 15],[32, 3, 7, 9, 10, 15]
[2015-08-10 20:57:25,398 randpicker.py] DEBUG Found Cross: [3, 6, 20, 23, 27, 30],[3, 6, 20, 23, 27, 30]
[2015-08-10 20:57:28,549 randpicker.py] DEBUG Found Cross: [16, 17, 21, 24, 26, 29],[16, 17, 21, 24, 26, 29]
[2015-08-10 20:57:29,433 randpicker.py] DEBUG Found Cross: [3, 16, 24, 26, 28, 30],[3, 16, 24, 26, 28, 30]
[2015-08-10 20:57:30,292 randpicker.py] DEBUG Found Cross: [10, 12, 13, 20, 24, 31],[10, 12, 13, 20, 24, 31]
[2015-08-10 20:57:31,186 randpicker.py] DEBUG Found Cross: [33, 5, 10, 17, 25, 31],[33, 5, 10, 17, 25, 31]
[2015-08-10 20:57:31,542 randpicker.py] DEBUG Found Cross: [33, 2, 6, 7, 14, 26],[33, 2, 6, 7, 14, 26]
[2015-08-10 20:57:32,868 randpicker.py] DEBUG Found Cross: [4, 14, 19, 24, 25, 26],[4, 14, 19, 24, 25, 26]
[2015-08-10 20:57:35,242 randpicker.py] DEBUG Found Cross: [10, 13, 15, 25, 27, 29],[10, 13, 15, 25, 27, 29]
[2015-08-10 20:57:37,584 randpicker.py] DEBUG Found Cross: [2, 8, 18, 22, 23, 27],[2, 8, 18, 22, 23, 27]
[2015-08-10 20:57:37,605 randpicker.py] DEBUG Found Cross: [5, 12, 17, 20, 27, 28],[5, 12, 17, 20, 27, 28]
[2015-08-10 20:57:41,065 randpicker.py] DEBUG Found Cross: [6, 13, 18, 21, 22, 30],[6, 13, 18, 21, 22, 30]
[2015-08-10 20:57:45,277 randpicker.py] DEBUG Found Cross: [2, 4, 5, 7, 12, 24],[2, 4, 5, 7, 12, 24]
[2015-08-10 20:57:46,451 randpicker.py] DEBUG Found Cross: [13, 16, 17, 19, 24, 31],[13, 16, 17, 19, 24, 31]
[2015-08-10 20:57:46,845 randpicker.py] DEBUG Found Cross: [32, 33, 4, 12, 29, 31],[32, 33, 4, 12, 29, 31]
[2015-08-10 20:57:50,665 randpicker.py] DEBUG Found Cross: [5, 16, 17, 24, 27, 28],[5, 16, 17, 24, 27, 28]
[2015-08-10 20:57:50,835 randpicker.py] DEBUG Found Cross: [7, 17, 22, 23, 26, 27],[7, 17, 22, 23, 26, 27]
[2015-08-10 20:57:51,097 randpicker.py] DEBUG Found Cross: [33, 7, 12, 25, 27, 28],[33, 7, 12, 25, 27, 28]
[2015-08-10 20:57:51,414 randpicker.py] DEBUG Found Cross: [6, 13, 18, 21, 22, 30],[6, 13, 18, 21, 22, 30]
[2015-08-10 20:57:51,910 randpicker.py] DEBUG Found Cross: [33, 9, 13, 23, 25, 26],[33, 9, 13, 23, 25, 26]
[2015-08-10 20:57:55,164 randpicker.py] DEBUG Found Cross: [32, 9, 14, 19, 21, 30],[32, 9, 14, 19, 21, 30]
[2015-08-10 20:57:55,932 randpicker.py] DEBUG Found Cross: [2, 10, 12, 16, 22, 27],[2, 10, 12, 16, 22, 27]
[2015-08-10 20:57:56,795 randpicker.py] DEBUG Found Cross: [3, 5, 6, 22, 23, 26],[3, 5, 6, 22, 23, 26]
[2015-08-10 20:57:58,694 randpicker.py] DEBUG Found Cross: [33, 4, 9, 16, 27, 29],[33, 4, 9, 16, 27, 29]
[2015-08-10 20:58:00,260 randpicker.py] DEBUG Found Cross: [2, 4, 9, 10, 12, 27],[2, 4, 9, 10, 12, 27]
[2015-08-10 20:58:12,661 randpicker.py] DEBUG Found Cross: [32, 3, 10, 13, 14, 25],[32, 3, 10, 13, 14, 25]
[2015-08-10 20:58:21,530 randpicker.py] DEBUG Found Cross: [32, 19, 26, 27, 28, 31],[32, 19, 26, 27, 28, 31]
[2015-08-10 20:58:22,289 randpicker.py] DEBUG Found Cross: [7, 8, 15, 16, 17, 26],[7, 8, 15, 16, 17, 26]
[2015-08-10 20:58:25,533 randpicker.py] DEBUG Found Cross: [2, 11, 12, 14, 21, 25],[2, 11, 12, 14, 21, 25]
[2015-08-10 20:58:27,785 randpicker.py] DEBUG Found Cross: [8, 13, 16, 19, 20, 23],[8, 13, 16, 19, 20, 23]
[2015-08-10 20:58:28,353 randpicker.py] DEBUG Found Cross: [1, 4, 5, 33, 27, 31],[33, 4, 5, 1, 27, 31]
[2015-08-10 20:58:28,922 randpicker.py] DEBUG Found Cross: [32, 5, 11, 19, 21, 22],[32, 5, 11, 19, 21, 22]
[2015-08-10 20:58:30,523 randpicker.py] DEBUG Found Cross: [33, 1, 11, 13, 19, 26],[33, 1, 11, 13, 19, 26]
[2015-08-10 20:58:30,971 randpicker.py] DEBUG Found Cross: [33, 4, 11, 16, 17, 27],[33, 4, 11, 16, 17, 27]
[2015-08-10 20:58:31,176 randpicker.py] DEBUG Found Cross: [32, 1, 15, 21, 24, 30],[32, 1, 15, 21, 24, 30]
[2015-08-10 20:58:32,446 randpicker.py] DEBUG Found Cross: [2, 9, 10, 15, 16, 17],[2, 9, 10, 15, 16, 17]
[2015-08-10 20:58:32,471 randpicker.py] DEBUG Found Cross: [2, 6, 11, 13, 29, 30],[2, 6, 11, 13, 29, 30]
[2015-08-10 20:58:32,747 randpicker.py] DEBUG Found Cross: [33, 6, 1, 12, 17, 27],[1, 6, 33, 12, 17, 27]
[2015-08-10 20:58:33,762 randpicker.py] DEBUG Found Cross: [5, 8, 11, 24, 26, 27],[5, 8, 11, 24, 26, 27]
[2015-08-10 20:58:36,658 randpicker.py] DEBUG Found Cross: [1, 8, 14, 15, 20, 26],[1, 8, 14, 15, 20, 26]
[2015-08-10 20:58:37,061 randpicker.py] DEBUG Found Cross: [32, 3, 7, 8, 17, 23],[32, 3, 7, 8, 17, 23]
[2015-08-10 20:58:37,310 randpicker.py] DEBUG Found Cross: [4, 5, 9, 19, 26, 27],[4, 5, 9, 19, 26, 27]
[2015-08-10 20:58:37,720 randpicker.py] DEBUG Found Cross: [7, 8, 10, 12, 17, 19],[7, 8, 10, 12, 17, 19]
[2015-08-10 20:58:40,101 randpicker.py] DEBUG Found Cross: [33, 5, 7, 8, 15, 17],[33, 5, 7, 8, 15, 17]
[2015-08-10 20:58:42,002 randpicker.py] DEBUG Found Cross: [4, 7, 9, 10, 24, 31],[4, 7, 9, 10, 24, 31]
[2015-08-10 20:58:43,878 randpicker.py] DEBUG Found Cross: [33, 2, 10, 19, 27, 28],[33, 2, 10, 19, 27, 28]
[2015-08-10 20:58:48,120 randpicker.py] DEBUG Found Cross: [7, 15, 22, 27, 28, 30],[7, 15, 22, 27, 28, 30]
[2015-08-10 20:58:50,767 randpicker.py] DEBUG Found Cross: [33, 1, 19, 21, 26, 29],[1, 33, 19, 21, 26, 29]
[2015-08-10 20:58:50,931 randpicker.py] DEBUG Found Cross: [33, 5, 6, 17, 19, 27],[33, 5, 6, 17, 19, 27]
